mode: atomic
github.com/vogo/fwatch/timer_watcher.go:32.105,47.2 3 2
github.com/vogo/fwatch/timer_watcher.go:49.70,51.2 1 18
github.com/vogo/fwatch/timer_watcher.go:53.61,55.2 1 18
github.com/vogo/fwatch/timer_watcher.go:57.81,66.17 4 8
github.com/vogo/fwatch/timer_watcher.go:80.2,85.12 5 8
github.com/vogo/fwatch/timer_watcher.go:66.17,68.10 2 2
github.com/vogo/fwatch/timer_watcher.go:68.10,71.4 2 2
github.com/vogo/fwatch/timer_watcher.go:72.8,74.10 2 6
github.com/vogo/fwatch/timer_watcher.go:74.10,77.4 2 6
github.com/vogo/fwatch/timer_watcher.go:88.65,96.2 5 4
github.com/vogo/fwatch/timer_watcher.go:98.53,99.21 1 2
github.com/vogo/fwatch/timer_watcher.go:103.2,103.12 1 2
github.com/vogo/fwatch/timer_watcher.go:99.21,101.3 1 2
github.com/vogo/fwatch/timer_watcher.go:106.79,109.6 2 2
github.com/vogo/fwatch/timer_watcher.go:109.6,110.10 1 55
github.com/vogo/fwatch/timer_watcher.go:111.19,112.10 1 2
github.com/vogo/fwatch/timer_watcher.go:113.19,115.19 2 53
github.com/vogo/fwatch/timer_watcher.go:120.52,121.30 1 53
github.com/vogo/fwatch/timer_watcher.go:121.30,123.17 2 164
github.com/vogo/fwatch/timer_watcher.go:140.3,140.18 1 159
github.com/vogo/fwatch/timer_watcher.go:144.3,144.54 1 159
github.com/vogo/fwatch/timer_watcher.go:123.17,126.26 2 5
github.com/vogo/fwatch/timer_watcher.go:135.4,137.12 2 0
github.com/vogo/fwatch/timer_watcher.go:126.26,132.13 2 5
github.com/vogo/fwatch/timer_watcher.go:140.18,141.12 1 0
github.com/vogo/fwatch/timer_watcher.go:144.54,150.4 2 4
github.com/vogo/fwatch/timer_watcher.go:154.51,155.31 1 53
github.com/vogo/fwatch/timer_watcher.go:155.31,157.17 2 40
github.com/vogo/fwatch/timer_watcher.go:163.3,166.17 3 38
github.com/vogo/fwatch/timer_watcher.go:172.3,172.34 1 38
github.com/vogo/fwatch/timer_watcher.go:157.17,160.12 2 2
github.com/vogo/fwatch/timer_watcher.go:166.17,169.12 2 0
github.com/vogo/fwatch/timer_watcher.go:172.34,174.22 2 79
github.com/vogo/fwatch/timer_watcher.go:180.4,180.17 1 79
github.com/vogo/fwatch/timer_watcher.go:186.4,186.44 1 56
github.com/vogo/fwatch/timer_watcher.go:174.22,177.13 2 0
github.com/vogo/fwatch/timer_watcher.go:180.17,183.13 2 23
github.com/vogo/fwatch/timer_watcher.go:191.77,194.24 2 2
github.com/vogo/fwatch/timer_watcher.go:203.2,203.19 1 0
github.com/vogo/fwatch/timer_watcher.go:194.24,201.3 2 2
github.com/vogo/fwatch/timer_watcher.go:206.72,207.32 1 23
github.com/vogo/fwatch/timer_watcher.go:211.2,217.3 1 1
github.com/vogo/fwatch/timer_watcher.go:207.32,209.3 1 22
github.com/vogo/fwatch/timer_watcher.go:220.93,221.34 1 56
github.com/vogo/fwatch/timer_watcher.go:225.2,236.3 2 5
github.com/vogo/fwatch/timer_watcher.go:221.34,223.3 1 51
github.com/vogo/fwatch/util.go:10.30,14.2 2 27
github.com/vogo/fwatch/util.go:16.89,17.18 1 91
github.com/vogo/fwatch/util.go:21.2,23.38 2 82
github.com/vogo/fwatch/util.go:37.2,37.32 1 82
github.com/vogo/fwatch/util.go:17.18,19.3 1 9
github.com/vogo/fwatch/util.go:23.38,26.17 2 32
github.com/vogo/fwatch/util.go:30.3,32.17 2 32
github.com/vogo/fwatch/util.go:26.17,28.4 1 0
github.com/vogo/fwatch/util.go:32.17,34.4 1 0
github.com/vogo/fwatch/util.go:40.58,41.27 1 80
github.com/vogo/fwatch/util.go:47.2,47.13 1 25
github.com/vogo/fwatch/util.go:41.27,42.16 1 89
github.com/vogo/fwatch/util.go:42.16,44.4 1 55
github.com/vogo/fwatch/fsnotifywatcher.go:21.67,23.2 1 32
github.com/vogo/fwatch/fsnotifywatcher.go:25.58,27.2 1 32
github.com/vogo/fwatch/fsnotifywatcher.go:29.78,31.2 1 19
github.com/vogo/fwatch/fsnotifywatcher.go:33.62,35.2 1 4
github.com/vogo/fwatch/fsnotifywatcher.go:37.50,39.2 1 2
github.com/vogo/fwatch/fsnotifywatcher.go:41.59,43.16 2 2
github.com/vogo/fwatch/fsnotifywatcher.go:47.2,47.49 1 2
github.com/vogo/fwatch/fsnotifywatcher.go:43.16,45.3 1 0
github.com/vogo/fwatch/fsnotifywatcher.go:52.112,53.16 1 4
github.com/vogo/fwatch/fsnotifywatcher.go:67.2,67.36 1 2
github.com/vogo/fwatch/fsnotifywatcher.go:53.16,56.29 2 2
github.com/vogo/fwatch/fsnotifywatcher.go:60.3,60.29 1 2
github.com/vogo/fwatch/fsnotifywatcher.go:64.3,64.57 1 2
github.com/vogo/fwatch/fsnotifywatcher.go:56.29,58.4 1 0
github.com/vogo/fwatch/fsnotifywatcher.go:60.29,62.4 1 1
github.com/vogo/fwatch/fwatch.go:75.87,76.17 1 2
github.com/vogo/fwatch/fwatch.go:80.2,80.48 1 2
github.com/vogo/fwatch/fwatch.go:84.2,84.24 1 2
github.com/vogo/fwatch/fwatch.go:88.2,101.8 1 2
github.com/vogo/fwatch/fwatch.go:76.17,78.3 1 0
github.com/vogo/fwatch/fwatch.go:80.48,82.3 1 0
github.com/vogo/fwatch/fwatch.go:84.24,86.3 1 0
github.com/vogo/fwatch/fwatch.go:104.47,108.42 3 31
github.com/vogo/fwatch/fwatch.go:114.2,122.20 4 20
github.com/vogo/fwatch/fwatch.go:108.42,112.3 2 11
github.com/vogo/fwatch/fwatch.go:125.51,133.82 5 18
github.com/vogo/fwatch/fwatch.go:137.2,137.23 1 18
github.com/vogo/fwatch/fwatch.go:133.82,135.3 1 0
github.com/vogo/fwatch/fwatch.go:140.44,147.2 4 7
github.com/vogo/fwatch/fwatch.go:149.38,153.16 3 2
github.com/vogo/fwatch/fwatch.go:157.2,158.16 2 2
github.com/vogo/fwatch/fwatch.go:162.2,168.51 4 2
github.com/vogo/fwatch/fwatch.go:153.16,155.3 1 0
github.com/vogo/fwatch/fwatch.go:158.16,160.3 1 0
github.com/vogo/fwatch/fwatch.go:171.37,175.2 2 2
github.com/vogo/fwatch/fwatch.go:177.45,178.15 1 2
github.com/vogo/fwatch/fwatch.go:184.2,184.6 1 2
github.com/vogo/fwatch/fwatch.go:178.15,182.3 2 2
github.com/vogo/fwatch/fwatch.go:184.6,185.10 1 10
github.com/vogo/fwatch/fwatch.go:186.18,187.10 1 2
github.com/vogo/fwatch/fwatch.go:188.49,189.11 1 8
github.com/vogo/fwatch/fwatch.go:195.4,197.51 2 8
github.com/vogo/fwatch/fwatch.go:204.4,204.49 1 4
github.com/vogo/fwatch/fwatch.go:209.47,210.11 1 0
github.com/vogo/fwatch/fwatch.go:216.4,216.35 1 0
github.com/vogo/fwatch/fwatch.go:189.11,193.5 2 0
github.com/vogo/fwatch/fwatch.go:197.51,201.13 3 4
github.com/vogo/fwatch/fwatch.go:204.49,208.5 2 4
github.com/vogo/fwatch/fwatch.go:210.11,214.5 2 0
github.com/vogo/fwatch/fwatch.go:221.95,223.16 2 9
github.com/vogo/fwatch/fwatch.go:227.2,230.16 3 9
github.com/vogo/fwatch/fwatch.go:236.2,239.16 3 9
github.com/vogo/fwatch/fwatch.go:245.2,245.33 1 9
github.com/vogo/fwatch/fwatch.go:277.2,277.12 1 9
github.com/vogo/fwatch/fwatch.go:223.16,225.3 1 0
github.com/vogo/fwatch/fwatch.go:230.16,234.3 2 0
github.com/vogo/fwatch/fwatch.go:239.16,243.3 2 0
github.com/vogo/fwatch/fwatch.go:245.33,247.21 2 12
github.com/vogo/fwatch/fwatch.go:253.3,253.16 1 12
github.com/vogo/fwatch/fwatch.go:263.3,263.32 1 10
github.com/vogo/fwatch/fwatch.go:267.3,267.55 1 10
github.com/vogo/fwatch/fwatch.go:247.21,250.12 2 0
github.com/vogo/fwatch/fwatch.go:253.16,254.21 1 2
github.com/vogo/fwatch/fwatch.go:260.4,260.12 1 2
github.com/vogo/fwatch/fwatch.go:254.21,255.15 1 2
github.com/vogo/fwatch/fwatch.go:255.15,257.6 1 2
github.com/vogo/fwatch/fwatch.go:263.32,264.12 1 0
github.com/vogo/fwatch/fwatch.go:267.55,269.4 1 7
github.com/vogo/fwatch/fwatch.go:269.9,274.4 1 3
github.com/vogo/fwatch/fwatch.go:280.61,281.15 1 2
github.com/vogo/fwatch/fwatch.go:287.2,287.6 1 2
github.com/vogo/fwatch/fwatch.go:281.15,285.3 2 2
github.com/vogo/fwatch/fwatch.go:287.6,288.10 1 40
github.com/vogo/fwatch/fwatch.go:289.18,290.10 1 2
github.com/vogo/fwatch/fwatch.go:291.43,292.11 1 38
github.com/vogo/fwatch/fwatch.go:298.4,298.40 1 38
github.com/vogo/fwatch/fwatch.go:299.41,300.11 1 0
github.com/vogo/fwatch/fwatch.go:306.4,306.45 1 0
github.com/vogo/fwatch/fwatch.go:292.11,296.5 2 0
github.com/vogo/fwatch/fwatch.go:300.11,304.5 2 0
github.com/vogo/fwatch/fwatch.go:311.89,315.43 2 38
github.com/vogo/fwatch/fwatch.go:319.2,319.33 1 38
github.com/vogo/fwatch/fwatch.go:323.2,323.40 1 38
github.com/vogo/fwatch/fwatch.go:335.2,335.57 1 21
github.com/vogo/fwatch/fwatch.go:345.2,345.39 1 21
github.com/vogo/fwatch/fwatch.go:315.43,317.3 1 0
github.com/vogo/fwatch/fwatch.go:319.33,321.3 1 0
github.com/vogo/fwatch/fwatch.go:323.40,324.24 1 17
github.com/vogo/fwatch/fwatch.go:330.3,332.9 2 12
github.com/vogo/fwatch/fwatch.go:324.24,328.4 2 5
github.com/vogo/fwatch/fwatch.go:335.57,336.24 1 0
github.com/vogo/fwatch/fwatch.go:342.3,342.9 1 0
github.com/vogo/fwatch/fwatch.go:336.24,338.4 1 0
github.com/vogo/fwatch/fwatch.go:338.9,340.4 1 0
github.com/vogo/fwatch/fwatch.go:345.39,347.3 1 8
github.com/vogo/fwatch/fwatch.go:353.42,355.44 2 2
github.com/vogo/fwatch/fwatch.go:359.2,361.6 2 2
github.com/vogo/fwatch/fwatch.go:355.44,357.3 1 0
github.com/vogo/fwatch/fwatch.go:361.6,362.10 1 16
github.com/vogo/fwatch/fwatch.go:363.18,364.10 1 2
github.com/vogo/fwatch/fwatch.go:365.19,366.47 1 14
github.com/vogo/fwatch/fwatch.go:366.47,369.57 2 33
github.com/vogo/fwatch/fwatch.go:375.5,376.19 2 18
github.com/vogo/fwatch/fwatch.go:390.5,391.57 2 15
github.com/vogo/fwatch/fwatch.go:397.5,401.30 4 15
github.com/vogo/fwatch/fwatch.go:369.57,372.14 2 15
github.com/vogo/fwatch/fwatch.go:376.19,377.29 1 3
github.com/vogo/fwatch/fwatch.go:381.6,387.14 5 3
github.com/vogo/fwatch/fwatch.go:377.29,379.7 1 0
github.com/vogo/fwatch/fwatch.go:391.57,394.14 2 0
