mode: atomic
github.com/vogo/fwatch/timer_watcher.go:32.105,47.2 3 2
github.com/vogo/fwatch/timer_watcher.go:49.70,51.2 1 18
github.com/vogo/fwatch/timer_watcher.go:53.61,55.2 1 18
github.com/vogo/fwatch/timer_watcher.go:57.81,66.17 4 8
github.com/vogo/fwatch/timer_watcher.go:80.2,85.12 5 8
github.com/vogo/fwatch/timer_watcher.go:66.17,68.10 2 2
github.com/vogo/fwatch/timer_watcher.go:68.10,71.4 2 2
github.com/vogo/fwatch/timer_watcher.go:72.8,74.10 2 6
github.com/vogo/fwatch/timer_watcher.go:74.10,77.4 2 6
github.com/vogo/fwatch/timer_watcher.go:88.65,96.2 5 4
github.com/vogo/fwatch/timer_watcher.go:98.53,99.21 1 2
github.com/vogo/fwatch/timer_watcher.go:103.2,103.12 1 2
github.com/vogo/fwatch/timer_watcher.go:99.21,101.3 1 2
github.com/vogo/fwatch/timer_watcher.go:106.79,109.6 2 2
github.com/vogo/fwatch/timer_watcher.go:109.6,110.10 1 55
github.com/vogo/fwatch/timer_watcher.go:111.19,112.10 1 2
github.com/vogo/fwatch/timer_watcher.go:113.19,115.19 2 53
github.com/vogo/fwatch/timer_watcher.go:120.52,121.30 1 53
github.com/vogo/fwatch/timer_watcher.go:121.30,123.17 2 163
github.com/vogo/fwatch/timer_watcher.go:140.3,140.18 1 158
github.com/vogo/fwatch/timer_watcher.go:144.3,144.54 1 158
github.com/vogo/fwatch/timer_watcher.go:123.17,126.26 2 5
github.com/vogo/fwatch/timer_watcher.go:135.4,137.12 2 0
github.com/vogo/fwatch/timer_watcher.go:126.26,132.13 2 5
github.com/vogo/fwatch/timer_watcher.go:140.18,141.12 1 0
github.com/vogo/fwatch/timer_watcher.go:144.54,150.4 2 4
github.com/vogo/fwatch/timer_watcher.go:154.51,155.31 1 53
github.com/vogo/fwatch/timer_watcher.go:155.31,157.17 2 39
github.com/vogo/fwatch/timer_watcher.go:163.3,166.17 3 37
github.com/vogo/fwatch/timer_watcher.go:172.3,172.34 1 37
github.com/vogo/fwatch/timer_watcher.go:157.17,160.12 2 2
github.com/vogo/fwatch/timer_watcher.go:166.17,169.12 2 0
github.com/vogo/fwatch/timer_watcher.go:172.34,174.22 2 79
github.com/vogo/fwatch/timer_watcher.go:180.4,180.17 1 79
github.com/vogo/fwatch/timer_watcher.go:186.4,186.44 1 56
github.com/vogo/fwatch/timer_watcher.go:174.22,177.13 2 0
github.com/vogo/fwatch/timer_watcher.go:180.17,183.13 2 23
github.com/vogo/fwatch/timer_watcher.go:191.77,194.24 2 2
github.com/vogo/fwatch/timer_watcher.go:203.2,203.19 1 0
github.com/vogo/fwatch/timer_watcher.go:194.24,201.3 2 2
github.com/vogo/fwatch/timer_watcher.go:206.72,207.32 1 23
github.com/vogo/fwatch/timer_watcher.go:211.2,217.3 1 1
github.com/vogo/fwatch/timer_watcher.go:207.32,209.3 1 22
github.com/vogo/fwatch/timer_watcher.go:220.93,221.34 1 56
github.com/vogo/fwatch/timer_watcher.go:225.2,236.3 2 5
github.com/vogo/fwatch/timer_watcher.go:221.34,223.3 1 51
github.com/vogo/fwatch/util.go:10.30,14.2 2 28
github.com/vogo/fwatch/util.go:16.89,17.18 1 91
github.com/vogo/fwatch/util.go:21.2,23.38 2 82
github.com/vogo/fwatch/util.go:37.2,37.32 1 82
github.com/vogo/fwatch/util.go:17.18,19.3 1 9
github.com/vogo/fwatch/util.go:23.38,26.17 2 32
github.com/vogo/fwatch/util.go:30.3,32.17 2 32
github.com/vogo/fwatch/util.go:26.17,28.4 1 0
github.com/vogo/fwatch/util.go:32.17,34.4 1 0
github.com/vogo/fwatch/util.go:40.58,41.27 1 81
github.com/vogo/fwatch/util.go:47.2,47.13 1 26
github.com/vogo/fwatch/util.go:41.27,42.16 1 90
github.com/vogo/fwatch/util.go:42.16,44.4 1 55
github.com/vogo/fwatch/fsnotifywatcher.go:21.67,23.2 1 33
github.com/vogo/fwatch/fsnotifywatcher.go:25.58,27.2 1 33
github.com/vogo/fwatch/fsnotifywatcher.go:29.78,31.2 1 19
github.com/vogo/fwatch/fsnotifywatcher.go:33.62,35.2 1 4
github.com/vogo/fwatch/fsnotifywatcher.go:37.50,39.2 1 2
github.com/vogo/fwatch/fsnotifywatcher.go:41.59,43.16 2 2
github.com/vogo/fwatch/fsnotifywatcher.go:47.2,47.49 1 2
github.com/vogo/fwatch/fsnotifywatcher.go:43.16,45.3 1 0
github.com/vogo/fwatch/fsnotifywatcher.go:52.115,53.32 1 4
github.com/vogo/fwatch/fsnotifywatcher.go:67.2,67.36 1 2
github.com/vogo/fwatch/fsnotifywatcher.go:53.32,56.29 2 2
github.com/vogo/fwatch/fsnotifywatcher.go:60.3,60.29 1 2
github.com/vogo/fwatch/fsnotifywatcher.go:64.3,64.57 1 2
github.com/vogo/fwatch/fsnotifywatcher.go:56.29,58.4 1 0
github.com/vogo/fwatch/fsnotifywatcher.go:60.29,62.4 1 1
github.com/vogo/fwatch/fwatch.go:87.87,88.17 1 2
github.com/vogo/fwatch/fwatch.go:92.2,92.48 1 2
github.com/vogo/fwatch/fwatch.go:96.2,96.24 1 2
github.com/vogo/fwatch/fwatch.go:100.2,113.8 1 2
github.com/vogo/fwatch/fwatch.go:88.17,90.3 1 0
github.com/vogo/fwatch/fwatch.go:92.48,94.3 1 0
github.com/vogo/fwatch/fwatch.go:96.24,98.3 1 0
github.com/vogo/fwatch/fwatch.go:116.47,120.42 3 32
github.com/vogo/fwatch/fwatch.go:126.2,134.20 4 21
github.com/vogo/fwatch/fwatch.go:120.42,124.3 2 11
github.com/vogo/fwatch/fwatch.go:137.51,145.82 5 18
github.com/vogo/fwatch/fwatch.go:149.2,149.23 1 18
github.com/vogo/fwatch/fwatch.go:145.82,147.3 1 0
github.com/vogo/fwatch/fwatch.go:152.44,159.2 4 7
github.com/vogo/fwatch/fwatch.go:161.38,165.16 3 2
github.com/vogo/fwatch/fwatch.go:169.2,170.16 2 2
github.com/vogo/fwatch/fwatch.go:174.2,180.51 4 2
github.com/vogo/fwatch/fwatch.go:165.16,167.3 1 0
github.com/vogo/fwatch/fwatch.go:170.16,172.3 1 0
github.com/vogo/fwatch/fwatch.go:183.37,187.2 2 2
github.com/vogo/fwatch/fwatch.go:189.45,190.15 1 2
github.com/vogo/fwatch/fwatch.go:196.2,196.6 1 2
github.com/vogo/fwatch/fwatch.go:190.15,194.3 2 2
github.com/vogo/fwatch/fwatch.go:196.6,197.10 1 10
github.com/vogo/fwatch/fwatch.go:198.18,199.10 1 2
github.com/vogo/fwatch/fwatch.go:200.49,201.11 1 8
github.com/vogo/fwatch/fwatch.go:207.4,209.51 2 8
github.com/vogo/fwatch/fwatch.go:216.4,216.49 1 4
github.com/vogo/fwatch/fwatch.go:221.47,222.11 1 0
github.com/vogo/fwatch/fwatch.go:228.4,228.35 1 0
github.com/vogo/fwatch/fwatch.go:201.11,205.5 2 0
github.com/vogo/fwatch/fwatch.go:209.51,213.13 3 4
github.com/vogo/fwatch/fwatch.go:216.49,220.5 2 4
github.com/vogo/fwatch/fwatch.go:222.11,226.5 2 0
github.com/vogo/fwatch/fwatch.go:233.95,235.16 2 9
github.com/vogo/fwatch/fwatch.go:239.2,242.16 3 9
github.com/vogo/fwatch/fwatch.go:248.2,251.16 3 9
github.com/vogo/fwatch/fwatch.go:257.2,257.33 1 9
github.com/vogo/fwatch/fwatch.go:289.2,289.12 1 9
github.com/vogo/fwatch/fwatch.go:235.16,237.3 1 0
github.com/vogo/fwatch/fwatch.go:242.16,246.3 2 0
github.com/vogo/fwatch/fwatch.go:251.16,255.3 2 0
github.com/vogo/fwatch/fwatch.go:257.33,259.21 2 12
github.com/vogo/fwatch/fwatch.go:265.3,265.16 1 12
github.com/vogo/fwatch/fwatch.go:275.3,275.32 1 10
github.com/vogo/fwatch/fwatch.go:279.3,279.55 1 10
github.com/vogo/fwatch/fwatch.go:259.21,262.12 2 0
github.com/vogo/fwatch/fwatch.go:265.16,266.21 1 2
github.com/vogo/fwatch/fwatch.go:272.4,272.12 1 2
github.com/vogo/fwatch/fwatch.go:266.21,267.15 1 2
github.com/vogo/fwatch/fwatch.go:267.15,269.6 1 2
github.com/vogo/fwatch/fwatch.go:275.32,276.12 1 0
github.com/vogo/fwatch/fwatch.go:279.55,281.4 1 7
github.com/vogo/fwatch/fwatch.go:281.9,286.4 1 3
github.com/vogo/fwatch/fwatch.go:292.61,293.15 1 2
github.com/vogo/fwatch/fwatch.go:299.2,299.6 1 2
github.com/vogo/fwatch/fwatch.go:293.15,297.3 2 2
github.com/vogo/fwatch/fwatch.go:299.6,300.10 1 41
github.com/vogo/fwatch/fwatch.go:301.18,302.10 1 2
github.com/vogo/fwatch/fwatch.go:303.43,304.11 1 39
github.com/vogo/fwatch/fwatch.go:310.4,310.40 1 39
github.com/vogo/fwatch/fwatch.go:311.41,312.11 1 0
github.com/vogo/fwatch/fwatch.go:318.4,318.45 1 0
github.com/vogo/fwatch/fwatch.go:304.11,308.5 2 0
github.com/vogo/fwatch/fwatch.go:312.11,316.5 2 0
github.com/vogo/fwatch/fwatch.go:323.89,327.43 2 39
github.com/vogo/fwatch/fwatch.go:331.2,331.33 1 39
github.com/vogo/fwatch/fwatch.go:335.2,335.40 1 39
github.com/vogo/fwatch/fwatch.go:347.2,347.57 1 21
github.com/vogo/fwatch/fwatch.go:357.2,357.39 1 21
github.com/vogo/fwatch/fwatch.go:327.43,329.3 1 0
github.com/vogo/fwatch/fwatch.go:331.33,333.3 1 0
github.com/vogo/fwatch/fwatch.go:335.40,336.24 1 18
github.com/vogo/fwatch/fwatch.go:342.3,344.9 2 13
github.com/vogo/fwatch/fwatch.go:336.24,340.4 2 5
github.com/vogo/fwatch/fwatch.go:347.57,348.24 1 0
github.com/vogo/fwatch/fwatch.go:354.3,354.9 1 0
github.com/vogo/fwatch/fwatch.go:348.24,350.4 1 0
github.com/vogo/fwatch/fwatch.go:350.9,352.4 1 0
github.com/vogo/fwatch/fwatch.go:357.39,359.3 1 8
github.com/vogo/fwatch/fwatch.go:365.42,367.44 2 2
github.com/vogo/fwatch/fwatch.go:371.2,373.6 2 2
github.com/vogo/fwatch/fwatch.go:367.44,369.3 1 0
github.com/vogo/fwatch/fwatch.go:373.6,374.10 1 16
github.com/vogo/fwatch/fwatch.go:375.18,376.10 1 2
github.com/vogo/fwatch/fwatch.go:377.19,378.47 1 14
github.com/vogo/fwatch/fwatch.go:378.47,381.57 2 30
github.com/vogo/fwatch/fwatch.go:387.5,388.19 2 18
github.com/vogo/fwatch/fwatch.go:402.5,403.57 2 15
github.com/vogo/fwatch/fwatch.go:409.5,413.30 4 15
github.com/vogo/fwatch/fwatch.go:381.57,384.14 2 12
github.com/vogo/fwatch/fwatch.go:388.19,389.29 1 3
github.com/vogo/fwatch/fwatch.go:393.6,399.14 5 3
github.com/vogo/fwatch/fwatch.go:389.29,391.7 1 0
github.com/vogo/fwatch/fwatch.go:403.57,406.14 2 0
